<?xml version="1.0" encoding="utf-8"?><testsuites name="pytest tests"><testsuite name="pytest" errors="0" failures="0" skipped="0" tests="14" time="6.088" timestamp="2026-02-01T15:12:03.647216+00:00" hostname="agent-env-b809cd4d-392a-414f-9315-a85dba56a43e"><testcase classname="backend.tests.test_api.TestHealthCheck" name="test_api_root" time="0.056" /><testcase classname="backend.tests.test_api.TestUserEndpoints" name="test_get_existing_user" time="0.477" /><testcase classname="backend.tests.test_api.TestUserEndpoints" name="test_get_nonexistent_user" time="0.220" /><testcase classname="backend.tests.test_api.TestUserEndpoints" name="test_register_user_returns_existing" time="0.219" /><testcase classname="backend.tests.test_api.TestProgressEndpoints" name="test_get_progress" time="0.423" /><testcase classname="backend.tests.test_api.TestProgressEndpoints" name="test_get_progress_nonexistent_user" time="0.209" /><testcase classname="backend.tests.test_api.TestQuestEndpoints" name="test_get_quests" time="0.552" /><testcase classname="backend.tests.test_api.TestQuestEndpoints" name="test_get_quests_nonexistent_user" time="0.213" /><testcase classname="backend.tests.test_api.TestQuestEndpoints" name="test_complete_quest_invalid_quest_id" time="0.571" /><testcase classname="backend.tests.test_api.TestQuestEndpoints" name="test_complete_quest_success" time="1.507" /><testcase classname="backend.tests.test_api.TestProFeatures" name="test_activate_pro" time="0.630" /><testcase classname="backend.tests.test_api.TestProFeatures" name="test_add_branch_as_pro" time="0.686" /><testcase classname="backend.tests.test_api.TestOnboarding" name="test_onboarding_nonexistent_user" time="0.208" /><testcase classname="backend.tests.test_api.TestWebhooks" name="test_avatar_webhook_missing_fields" time="0.037" /></testsuite></testsuites>